#-----------------------------------------------------------
# Vivado v2020.1 (64-bit)
# SW Build 2902540 on Wed May 27 19:54:49 MDT 2020
# IP Build 2902112 on Wed May 27 22:43:36 MDT 2020
# Start of session at: Mon Dec 11 17:41:08 2023
# Process ID: 41068
# Current directory: D:/Semster7/ELCT707 - CA/Project/MIPS/MIPS_V2/single_cycle/single_cycle
# Command line: vivado.exe -gui_launcher_event rodinguilauncherevent27108 D:\Semster7\ELCT707 - CA\Project\MIPS\MIPS_V2\single_cycle\single_cycle\single_cycle.xpr
# Log file: D:/Semster7/ELCT707 - CA/Project/MIPS/MIPS_V2/single_cycle/single_cycle/vivado.log
# Journal file: D:/Semster7/ELCT707 - CA/Project/MIPS/MIPS_V2/single_cycle/single_cycle\vivado.jou
#-----------------------------------------------------------
start_gui
open_project {D:/Semster7/ELCT707 - CA/Project/MIPS/MIPS_V2/single_cycle/single_cycle/single_cycle.xpr}
Scanning sources...
Finished scanning sources
INFO: [IP_Flow 19-234] Refreshing IP repositories
INFO: [IP_Flow 19-1704] No user IP repositories specified
INFO: [IP_Flow 19-2313] Loaded Vivado IP repository 'C:/Xilinx/Vivado/2020.1/data/ip'.
update_compile_order -fileset sources_1
close_project
open_project {D:/Semster7/ELCT707 - CA/Project/MIPS/MIPS_V2/single_cycle/single_cycle/single_cycle.xpr}
Scanning sources...
Finished scanning sources
INFO: [IP_Flow 19-234] Refreshing IP repositories
INFO: [IP_Flow 19-1704] No user IP repositories specified
INFO: [IP_Flow 19-2313] Loaded Vivado IP repository 'C:/Xilinx/Vivado/2020.1/data/ip'.
launch_simulation
Command: launch_simulation 
INFO: [Vivado 12-5682] Launching behavioral simulation in 'D:/Semster7/ELCT707 - CA/Project/MIPS/MIPS_V2/single_cycle/single_cycle/single_cycle.sim/sim_1/behav/xsim'
INFO: [SIM-utils-51] Simulation object is 'sim_1'
INFO: [SIM-utils-54] Inspecting design source files for 'testbench' in fileset 'sim_1'...
INFO: [USF-XSim-97] Finding global include files...
INFO: [USF-XSim-98] Fetching design files from 'sim_1'...
INFO: [USF-XSim-2] XSim::Compile design
INFO: [USF-XSim-61] Executing 'COMPILE and ANALYZE' step in 'D:/Semster7/ELCT707 - CA/Project/MIPS/MIPS_V2/single_cycle/single_cycle/single_cycle.sim/sim_1/behav/xsim'
"xvhdl --incr --relax -prj testbench_vhdl.prj"
INFO: [VRFC 10-163] Analyzing VHDL file "D:/Semster7/ELCT707 - CA/Project/MIPS/MIPS_V2/single_cycle/single_cycle/single_cycle.srcs/sources_1/new/imem.vhd" into library xil_defaultlib
INFO: [VRFC 10-3107] analyzing entity 'imem'
INFO: [USF-XSim-69] 'compile' step finished in '1' seconds
INFO: [USF-XSim-3] XSim::Elaborate design
INFO: [USF-XSim-61] Executing 'ELABORATE' step in 'D:/Semster7/ELCT707 - CA/Project/MIPS/MIPS_V2/single_cycle/single_cycle/single_cycle.sim/sim_1/behav/xsim'
"xelab -wto 4c4556c4c4fe469dbdddf48d62100cc6 --incr --debug typical --relax --mt 2 -L xil_defaultlib -L secureip --snapshot testbench_behav xil_defaultlib.testbench -log elaborate.log"
Vivado Simulator 2020.1
Copyright 1986-1999, 2001-2020 Xilinx, Inc. All Rights Reserved.
Running: C:/Xilinx/Vivado/2020.1/bin/unwrapped/win64.o/xelab.exe -wto 4c4556c4c4fe469dbdddf48d62100cc6 --incr --debug typical --relax --mt 2 -L xil_defaultlib -L secureip --snapshot testbench_behav xil_defaultlib.testbench -log elaborate.log 
Using 2 slave threads.
Starting static elaboration
Completed static elaboration
Starting simulation data flow analysis
Completed simulation data flow analysis
Time Resolution for simulation is 1ps
Compiling package std.standard
Compiling package std.textio
Compiling package ieee.std_logic_1164
Compiling package ieee.numeric_std
Compiling package ieee.std_logic_arith
Compiling package ieee.std_logic_textio
Compiling architecture rtl of entity xil_defaultlib.control_unit [control_unit_default]
Compiling architecture async of entity xil_defaultlib.flopr [\flopr(width=32)\]
Compiling architecture rtl of entity xil_defaultlib.MUX2X1 [\MUX2X1(width=5)\]
Compiling architecture rtl of entity xil_defaultlib.MUX2X1 [\MUX2X1(width=32)\]
Compiling architecture rtl of entity xil_defaultlib.reg_file [reg_file_default]
Compiling architecture rtl of entity xil_defaultlib.alu [alu_default]
Compiling architecture rtl of entity xil_defaultlib.adder [adder_default]
Compiling architecture rtl of entity xil_defaultlib.sign_extend [sign_extend_default]
Compiling architecture structural of entity xil_defaultlib.mips [mips_default]
Compiling architecture rtl of entity xil_defaultlib.imem [imem_default]
Compiling architecture rtl of entity xil_defaultlib.dmem [dmem_default]
Compiling architecture struct of entity xil_defaultlib.top_module [top_module_default]
Compiling architecture test of entity xil_defaultlib.testbench
Built simulation snapshot testbench_behav
INFO: [USF-XSim-69] 'elaborate' step finished in '1' seconds
INFO: [USF-XSim-4] XSim::Simulate design
INFO: [USF-XSim-61] Executing 'SIMULATE' step in 'D:/Semster7/ELCT707 - CA/Project/MIPS/MIPS_V2/single_cycle/single_cycle/single_cycle.sim/sim_1/behav/xsim'
INFO: [USF-XSim-98] *** Running xsim
   with args "testbench_behav -key {Behavioral:sim_1:Functional:testbench} -tclbatch {testbench.tcl} -view {{D:/Semster7/ELCT707 - CA/Project/MIPS/MIPS_V2/single_cycle/single_cycle/testbench_behav.wcfg}} -log {simulate.log}"
INFO: [USF-XSim-8] Loading simulator feature
Vivado Simulator 2020.1
Time resolution is 1 ps
open_wave_config {D:/Semster7/ELCT707 - CA/Project/MIPS/MIPS_V2/single_cycle/single_cycle/testbench_behav.wcfg}
WARNING: Simulation object /testbench/dut/mips1/b_pc was not found in the design.
WARNING: Simulation object /testbench/dut/mips1/b_write_data was not found in the design.
WARNING: Simulation object /testbench/dut/mips1/b_alu_out was not found in the design.
WARNING: Simulation object /testbench/dut/mips1/s_rf_rd2 was not found in the design.
WARNING: Simulation object /testbench/dut/mips1/m_rf/b_rd2 was not found in the design.
source testbench.tcl
# set curr_wave [current_wave_config]
# if { [string length $curr_wave] == 0 } {
#   if { [llength [get_objects]] > 0} {
#     add_wave /
#     set_property needs_save false [current_wave_config]
#   } else {
#      send_msg_id Add_Wave-1 WARNING "No top level signals found. Simulator will start without a wave window. If you want to open a wave window go to 'File->New Waveform Configuration' or type 'create_wave_config' in the TCL console."
#   }
# }
# run 200ns
INFO: [USF-XSim-96] XSim completed. Design snapshot 'testbench_behav' loaded.
INFO: [USF-XSim-97] XSim simulation ran for 200ns
launch_simulation: Time (s): cpu = 00:00:01 ; elapsed = 00:00:06 . Memory (MB): peak = 1035.305 ; gain = 0.000
update_compile_order -fileset sources_1
close_sim
INFO: [Simtcl 6-16] Simulation closed
exit
INFO: [Common 17-206] Exiting Vivado at Mon Dec 11 17:44:38 2023...
